This is pdfTeX, Version 3.14159265-2.6-1.40.19 (MiKTeX 2.9.6730 64-bit) (preloaded format=pdflatex 2018.7.19)  14 MAR 2019 17:06
entering extended mode
**"./Algoritmo de Boyer-Moore.tex"
("Algoritmo de Boyer-Moore.tex"
LaTeX2e <2018-04-01> patch level 5
("C:\Users\Daniel\AppData\Local\Programs\MiKTeX 2.9\tex\latex\base\article.cls"
Document Class: article 2014/09/29 v1.4h Standard LaTeX document class
("C:\Users\Daniel\AppData\Local\Programs\MiKTeX 2.9\tex\latex\base\size10.clo"
File: size10.clo 2014/09/29 v1.4h Standard LaTeX file (size option)
)
\c@part=\count80
\c@section=\count81
\c@subsection=\count82
\c@subsubsection=\count83
\c@paragraph=\count84
\c@subparagraph=\count85
\c@figure=\count86
\c@table=\count87
\abovecaptionskip=\skip41
\belowcaptionskip=\skip42
\bibindent=\dimen102
)
("C:\Users\Daniel\AppData\Local\Programs\MiKTeX 2.9\tex\generic\babel\babel.sty
"
Package: babel 2018/06/05 3.22 The Babel package

("C:\Users\Daniel\AppData\Local\Programs\MiKTeX 2.9\tex\generic\babel\switch.de
f"
File: switch.def 2018/06/05 3.22 Babel switching mechanism
)
*************************************
* Local config file bblopts.cfg used
*
("C:\Users\Daniel\AppData\Local\Programs\MiKTeX 2.9\tex\latex\arabi\bblopts.cfg
"
File: bblopts.cfg 2005/09/08 v0.1 add Arabic and Farsi to "declared" options of
 babel
)
("C:\Users\Daniel\AppData\Local\Programs\MiKTeX 2.9\tex\latex\babel-spanish\spa
nish.ldf"
Language: spanish.ldf 2016/03/03 v5.0p Spanish support from the babel system

("C:\Users\Daniel\AppData\Local\Programs\MiKTeX 2.9\tex\generic\babel\babel.def
"
File: babel.def 2018/06/05 3.22 Babel common definitions
\babel@savecnt=\count88
\U@D=\dimen103

("C:\Users\Daniel\AppData\Local\Programs\MiKTeX 2.9\tex\generic\babel\txtbabel.
def")
\bbl@dirlevel=\count89
)
\es@quottoks=\toks14
\es@quotdepth=\count90
Package babel Info: Making " an active character on input line 561.
Package babel Info: Making . an active character on input line 662.
Package babel Info: Making < an active character on input line 707.
Package babel Info: Making > an active character on input line 707.
))
("C:\Users\Daniel\AppData\Local\Programs\MiKTeX 2.9\tex\latex\base\inputenc.sty
"
Package: inputenc 2018/04/06 v1.3b Input encoding file
\inpenc@prehook=\toks15
\inpenc@posthook=\toks16
)
("C:\Users\Daniel\AppData\Local\Programs\MiKTeX 2.9\tex\latex\listings\listings
.sty"
("C:\Users\Daniel\AppData\Local\Programs\MiKTeX 2.9\tex\latex\graphics\keyval.s
ty"
Package: keyval 2014/10/28 v1.15 key=value parser (DPC)
\KV@toks@=\toks17
)
\lst@mode=\count91
\lst@gtempboxa=\box26
\lst@token=\toks18
\lst@length=\count92
\lst@currlwidth=\dimen104
\lst@column=\count93
\lst@pos=\count94
\lst@lostspace=\dimen105
\lst@width=\dimen106
\lst@newlines=\count95
\lst@lineno=\count96
\lst@maxwidth=\dimen107

("C:\Users\Daniel\AppData\Local\Programs\MiKTeX 2.9\tex\latex\listings\lstmisc.
sty"
File: lstmisc.sty 2019/02/27 1.8b (Carsten Heinz)
\c@lstnumber=\count97
\lst@skipnumbers=\count98
\lst@framebox=\box27
)
("C:\Users\Daniel\AppData\Local\Programs\MiKTeX 2.9\tex\latex\listings\listings
.cfg"
File: listings.cfg 2019/02/27 1.8b listings configuration
))
Package: listings 2019/02/27 1.8b (Carsten Heinz)

("C:\Users\Daniel\AppData\Local\Programs\MiKTeX 2.9\tex\latex\xcolor\xcolor.sty
"
Package: xcolor 2016/05/11 v2.12 LaTeX color extensions (UK)

("C:\Users\Daniel\AppData\Local\Programs\MiKTeX 2.9\tex\latex\graphics-cfg\colo
r.cfg"
File: color.cfg 2016/01/02 v1.6 sample color configuration
)
Package xcolor Info: Driver file: pdftex.def on input line 225.

("C:\Users\Daniel\AppData\Local\Programs\MiKTeX 2.9\tex\latex\graphics-def\pdft
ex.def"
File: pdftex.def 2018/01/08 v1.0l Graphics/color driver for pdftex
)
("C:\Users\Daniel\AppData\Local\Programs\MiKTeX 2.9\tex\latex\colortbl\colortbl
.sty"
Package: colortbl 2018/12/12 v1.0d Color table columns (DPC)

("C:\Users\Daniel\AppData\Local\Programs\MiKTeX 2.9\tex\latex\tools\array.sty"
Package: array 2018/04/30 v2.4h Tabular extension package (FMi)
\col@sep=\dimen108
\ar@mcellbox=\box28
\extrarowheight=\dimen109
\NC@list=\toks19
\extratabsurround=\skip43
\backup@length=\skip44
\ar@cellbox=\box29
)
\everycr=\toks20
\minrowclearance=\skip45
)
\rownum=\count99
Package xcolor Info: Model `cmy' substituted by `cmy0' on input line 1348.
Package xcolor Info: Model `hsb' substituted by `rgb' on input line 1352.
Package xcolor Info: Model `RGB' extended on input line 1364.
Package xcolor Info: Model `HTML' substituted by `rgb' on input line 1366.
Package xcolor Info: Model `Hsb' substituted by `hsb' on input line 1367.
Package xcolor Info: Model `tHsb' substituted by `hsb' on input line 1368.
Package xcolor Info: Model `HSB' substituted by `hsb' on input line 1369.
Package xcolor Info: Model `Gray' substituted by `gray' on input line 1370.
Package xcolor Info: Model `wave' substituted by `hsb' on input line 1371.
)
("C:\Users\Daniel\AppData\Local\Programs\MiKTeX 2.9\tex\latex\algorithms\algori
thm.sty"
Package: algorithm 2009/08/24 v0.1 Document Style `algorithm' - floating enviro
nment

("C:\Users\Daniel\AppData\Local\Programs\MiKTeX 2.9\tex\latex\float\float.sty"
Package: float 2001/11/08 v1.3d Float enhancements (AL)
\c@float@type=\count100
\float@exts=\toks21
\float@box=\box30
\@float@everytoks=\toks22
\@floatcapt=\box31
) ("C:\Users\Daniel\AppData\Local\Programs\MiKTeX 2.9\tex\latex\base\ifthen.sty
"
Package: ifthen 2014/09/29 v1.1c Standard LaTeX ifthen package (DPC)
)
\@float@every@algorithm=\toks23
\c@algorithm=\count101
)
("C:\Users\Daniel\AppData\Local\Programs\MiKTeX 2.9\tex\latex\algorithms\algori
thmic.sty"
Package: algorithmic 2009/08/24 v0.1 Document Style `algorithmic'
\c@ALC@unique=\count102
\c@ALC@line=\count103
\c@ALC@rem=\count104
\c@ALC@depth=\count105
\ALC@tlm=\skip46
\algorithmicindent=\skip47
)
("C:\Users\Daniel\AppData\Local\Programs\MiKTeX 2.9\tex\latex\ulem\ulem.sty"
\UL@box=\box32
\UL@hyphenbox=\box33
\UL@skip=\skip48
\UL@hook=\toks24
\UL@height=\dimen110
\UL@pe=\count106
\UL@pixel=\dimen111
\ULC@box=\box34
Package: ulem 2012/05/18
\ULdepth=\dimen112
)
("C:\Users\Daniel\AppData\Local\Programs\MiKTeX 2.9\tex\latex\hyperref\hyperref
.sty"
Package: hyperref 2018/02/06 v6.86b Hypertext links for LaTeX

("C:\Users\Daniel\AppData\Local\Programs\MiKTeX 2.9\tex\generic\oberdiek\hobsub
-hyperref.sty"
Package: hobsub-hyperref 2016/05/16 v1.14 Bundle oberdiek, subset hyperref (HO)


("C:\Users\Daniel\AppData\Local\Programs\MiKTeX 2.9\tex\generic\oberdiek\hobsub
-generic.sty"
Package: hobsub-generic 2016/05/16 v1.14 Bundle oberdiek, subset generic (HO)
Package: hobsub 2016/05/16 v1.14 Construct package bundles (HO)
Package: infwarerr 2016/05/16 v1.4 Providing info/warning/error messages (HO)
Package: ltxcmds 2016/05/16 v1.23 LaTeX kernel commands for general use (HO)
Package: ifluatex 2016/05/16 v1.4 Provides the ifluatex switch (HO)
Package ifluatex Info: LuaTeX not detected.
Package: ifvtex 2016/05/16 v1.6 Detect VTeX and its facilities (HO)
Package ifvtex Info: VTeX not detected.
Package: intcalc 2016/05/16 v1.2 Expandable calculations with integers (HO)
Package: ifpdf 2017/03/15 v3.2 Provides the ifpdf switch
Package: etexcmds 2016/05/16 v1.6 Avoid name clashes with e-TeX commands (HO)
Package etexcmds Info: Could not find \expanded.
(etexcmds)             That can mean that you are not using pdfTeX 1.50 or
(etexcmds)             that some package has redefined \expanded.
(etexcmds)             In the latter case, load this package earlier.
Package: kvsetkeys 2016/05/16 v1.17 Key value parser (HO)
Package: kvdefinekeys 2016/05/16 v1.4 Define keys (HO)
Package: pdftexcmds 2018/01/30 v0.27 Utility functions of pdfTeX for LuaTeX (HO
)
Package pdftexcmds Info: LuaTeX not detected.
Package pdftexcmds Info: \pdf@primitive is available.
Package pdftexcmds Info: \pdf@ifprimitive is available.
Package pdftexcmds Info: \pdfdraftmode found.
Package: pdfescape 2016/05/16 v1.14 Implements pdfTeX's escape features (HO)
Package: bigintcalc 2016/05/16 v1.4 Expandable calculations on big integers (HO
)
Package: bitset 2016/05/16 v1.2 Handle bit-vector datatype (HO)
Package: uniquecounter 2016/05/16 v1.3 Provide unlimited unique counter (HO)
)
Package hobsub Info: Skipping package `hobsub' (already loaded).
Package: letltxmacro 2016/05/16 v1.5 Let assignment for LaTeX macros (HO)
Package: hopatch 2016/05/16 v1.3 Wrapper for package hooks (HO)
Package: xcolor-patch 2016/05/16 xcolor patch
Package: atveryend 2016/05/16 v1.9 Hooks at the very end of document (HO)
Package atveryend Info: \enddocument detected (standard20110627).
Package: atbegshi 2016/06/09 v1.18 At begin shipout hook (HO)
Package: refcount 2016/05/16 v3.5 Data extraction from label references (HO)
Package: hycolor 2016/05/16 v1.8 Color options for hyperref/bookmark (HO)
)
("C:\Users\Daniel\AppData\Local\Programs\MiKTeX 2.9\tex\generic\ifxetex\ifxetex
.sty"
Package: ifxetex 2010/09/12 v0.6 Provides ifxetex conditional
)
("C:\Users\Daniel\AppData\Local\Programs\MiKTeX 2.9\tex\latex\oberdiek\auxhook.
sty"
Package: auxhook 2016/05/16 v1.4 Hooks for auxiliary files (HO)
)
("C:\Users\Daniel\AppData\Local\Programs\MiKTeX 2.9\tex\latex\oberdiek\kvoption
s.sty"
Package: kvoptions 2016/05/16 v3.12 Key value format for package options (HO)
)
\@linkdim=\dimen113
\Hy@linkcounter=\count107
\Hy@pagecounter=\count108

("C:\Users\Daniel\AppData\Local\Programs\MiKTeX 2.9\tex\latex\hyperref\pd1enc.d
ef"
File: pd1enc.def 2018/02/06 v6.86b Hyperref: PDFDocEncoding definition (HO)
Now handling font encoding PD1 ...
... no UTF-8 mapping file for font encoding PD1
)
\Hy@SavedSpaceFactor=\count109

("C:\Users\Daniel\AppData\Local\Programs\MiKTeX 2.9\tex\latex\00miktex\hyperref
.cfg"
File: hyperref.cfg 2002/06/06 v1.2 hyperref configuration of TeXLive
)
Package hyperref Info: Hyper figures OFF on input line 4509.
Package hyperref Info: Link nesting OFF on input line 4514.
Package hyperref Info: Hyper index ON on input line 4517.
Package hyperref Info: Plain pages OFF on input line 4524.
Package hyperref Info: Backreferencing OFF on input line 4529.
Package hyperref Info: Implicit mode ON; LaTeX internals redefined.
Package hyperref Info: Bookmarks ON on input line 4762.
\c@Hy@tempcnt=\count110
 ("C:\Users\Daniel\AppData\Local\Programs\MiKTeX 2.9\tex\latex\url\url.sty"
\Urlmuskip=\muskip10
Package: url 2013/09/16  ver 3.4  Verb mode for urls, etc.
)
LaTeX Info: Redefining \url on input line 5115.
\XeTeXLinkMargin=\dimen114
\Fld@menulength=\count111
\Field@Width=\dimen115
\Fld@charsize=\dimen116
Package hyperref Info: Hyper figures OFF on input line 6369.
Package hyperref Info: Link nesting OFF on input line 6374.
Package hyperref Info: Hyper index ON on input line 6377.
Package hyperref Info: backreferencing OFF on input line 6384.
Package hyperref Info: Link coloring OFF on input line 6389.
Package hyperref Info: Link coloring with OCG OFF on input line 6394.
Package hyperref Info: PDF/A mode OFF on input line 6399.
LaTeX Info: Redefining \ref on input line 6439.
LaTeX Info: Redefining \pageref on input line 6443.
\Hy@abspage=\count112
\c@Item=\count113
\c@Hfootnote=\count114
)
Package hyperref Info: Driver (autodetected): hpdftex.

("C:\Users\Daniel\AppData\Local\Programs\MiKTeX 2.9\tex\latex\hyperref\hpdftex.
def"
File: hpdftex.def 2018/02/06 v6.86b Hyperref driver for pdfTeX
\Fld@listcount=\count115
\c@bookmark@seq@number=\count116

("C:\Users\Daniel\AppData\Local\Programs\MiKTeX 2.9\tex\latex\oberdiek\rerunfil
echeck.sty"
Package: rerunfilecheck 2016/05/16 v1.8 Rerun checks for auxiliary files (HO)
Package uniquecounter Info: New unique counter `rerunfilecheck' on input line 2
82.
)
\Hy@SectionHShift=\skip49
)
("C:\Users\Daniel\AppData\Local\Programs\MiKTeX 2.9\tex\latex\amsmath\amsmath.s
ty"
Package: amsmath 2017/09/02 v2.17a AMS math features
\@mathmargin=\skip50

For additional information on amsmath, use the `?' option.

("C:\Users\Daniel\AppData\Local\Programs\MiKTeX 2.9\tex\latex\amsmath\amstext.s
ty"
Package: amstext 2000/06/29 v2.01 AMS text

("C:\Users\Daniel\AppData\Local\Programs\MiKTeX 2.9\tex\latex\amsmath\amsgen.st
y"
File: amsgen.sty 1999/11/30 v2.0 generic functions
\@emptytoks=\toks25
\ex@=\dimen117
))
("C:\Users\Daniel\AppData\Local\Programs\MiKTeX 2.9\tex\latex\amsmath\amsbsy.st
y"
Package: amsbsy 1999/11/29 v1.2d Bold Symbols
\pmbraise@=\dimen118
)
("C:\Users\Daniel\AppData\Local\Programs\MiKTeX 2.9\tex\latex\amsmath\amsopn.st
y"
Package: amsopn 2016/03/08 v2.02 operator names
)
\inf@bad=\count117
LaTeX Info: Redefining \frac on input line 213.
\uproot@=\count118
\leftroot@=\count119
LaTeX Info: Redefining \overline on input line 375.
\classnum@=\count120
\DOTSCASE@=\count121
LaTeX Info: Redefining \ldots on input line 472.
LaTeX Info: Redefining \dots on input line 475.
LaTeX Info: Redefining \cdots on input line 596.
\Mathstrutbox@=\box35
\strutbox@=\box36
\big@size=\dimen119
LaTeX Font Info:    Redeclaring font encoding OML on input line 712.
LaTeX Font Info:    Redeclaring font encoding OMS on input line 713.
\macc@depth=\count122
\c@MaxMatrixCols=\count123
\dotsspace@=\muskip11
\c@parentequation=\count124
\dspbrk@lvl=\count125
\tag@help=\toks26
\row@=\count126
\column@=\count127
\maxfields@=\count128
\andhelp@=\toks27
\eqnshift@=\dimen120
\alignsep@=\dimen121
\tagshift@=\dimen122
\tagwidth@=\dimen123
\totwidth@=\dimen124
\lineht@=\dimen125
\@envbody=\toks28
\multlinegap=\skip51
\multlinetaggap=\skip52
\mathdisplay@stack=\toks29
LaTeX Info: Redefining \[ on input line 2817.
LaTeX Info: Redefining \] on input line 2818.
)
("C:\Users\Daniel\AppData\Local\Programs\MiKTeX 2.9\tex\latex\hyphenat\hyphenat
.sty"
Package: hyphenat 2009/09/02 v2.3c hyphenation utilities
\langwohyphens=\language76
LaTeX Info: Redefining \_ on input line 43.
)
("C:\Users\Daniel\AppData\Local\Programs\MiKTeX 2.9\tex\latex\graphics\graphicx
.sty"
Package: graphicx 2017/06/01 v1.1a Enhanced LaTeX Graphics (DPC,SPQR)

("C:\Users\Daniel\AppData\Local\Programs\MiKTeX 2.9\tex\latex\graphics\graphics
.sty"
Package: graphics 2017/06/25 v1.2c Standard LaTeX Graphics (DPC,SPQR)

("C:\Users\Daniel\AppData\Local\Programs\MiKTeX 2.9\tex\latex\graphics\trig.sty
"
Package: trig 2016/01/03 v1.10 sin cos tan (DPC)
)
("C:\Users\Daniel\AppData\Local\Programs\MiKTeX 2.9\tex\latex\graphics-cfg\grap
hics.cfg"
File: graphics.cfg 2016/06/04 v1.11 sample graphics configuration
)
Package graphics Info: Driver file: pdftex.def on input line 99.
)
\Gin@req@height=\dimen126
\Gin@req@width=\dimen127
) ("Algoritmo de Boyer-Moore.aux"
LaTeX Info: Redefining \. on input line 23.
LaTeX Info: Redefining \% on input line 23.
)
\openout1 = `"Algoritmo de Boyer-Moore.aux"'.

LaTeX Font Info:    Checking defaults for OML/cmm/m/it on input line 25.
LaTeX Font Info:    ... okay on input line 25.
LaTeX Font Info:    Checking defaults for T1/cmr/m/n on input line 25.
LaTeX Font Info:    ... okay on input line 25.
LaTeX Font Info:    Checking defaults for OT1/cmr/m/n on input line 25.
LaTeX Font Info:    ... okay on input line 25.
LaTeX Font Info:    Checking defaults for OMS/cmsy/m/n on input line 25.
LaTeX Font Info:    ... okay on input line 25.
LaTeX Font Info:    Checking defaults for OMX/cmex/m/n on input line 25.
LaTeX Font Info:    ... okay on input line 25.
LaTeX Font Info:    Checking defaults for U/cmr/m/n on input line 25.
LaTeX Font Info:    ... okay on input line 25.
LaTeX Font Info:    Checking defaults for PD1/pdf/m/n on input line 25.
LaTeX Font Info:    ... okay on input line 25.
LaTeX Info: Redefining \. on input line 25.
LaTeX Info: Redefining \% on input line 25.
\c@lstlisting=\count129

("C:\Users\Daniel\AppData\Local\Programs\MiKTeX 2.9\tex\context\base\supp-pdf.m
kii"
[Loading MPS to PDF converter (version 2006.09.02).]
\scratchcounter=\count130
\scratchdimen=\dimen128
\scratchbox=\box37
\nofMPsegments=\count131
\nofMParguments=\count132
\everyMPshowfont=\toks30
\MPscratchCnt=\count133
\MPscratchDim=\dimen129
\MPnumerator=\count134
\makeMPintoPDFobject=\count135
\everyMPtoPDFconversion=\toks31
)
("C:\Users\Daniel\AppData\Local\Programs\MiKTeX 2.9\tex\latex\oberdiek\epstopdf
-base.sty"
Package: epstopdf-base 2016/05/15 v2.6 Base part for package epstopdf

("C:\Users\Daniel\AppData\Local\Programs\MiKTeX 2.9\tex\latex\oberdiek\grfext.s
ty"
Package: grfext 2016/05/16 v1.2 Manage graphics extensions (HO)
)
Package epstopdf-base Info: Redefining graphics rule for `.eps' on input line 4
38.
Package grfext Info: Graphics extension search list:
(grfext)             [.pdf,.png,.jpg,.mps,.jpeg,.jbig2,.jb2,.PDF,.PNG,.JPG,.JPE
G,.JBIG2,.JB2,.eps]
(grfext)             \AppendGraphicsExtensions on input line 456.
)
\AtBeginShipoutBox=\box38
Package hyperref Info: Link coloring OFF on input line 25.

("C:\Users\Daniel\AppData\Local\Programs\MiKTeX 2.9\tex\latex\hyperref\nameref.
sty"
Package: nameref 2016/05/21 v2.44 Cross-referencing by name of section

("C:\Users\Daniel\AppData\Local\Programs\MiKTeX 2.9\tex\generic\oberdiek\gettit
lestring.sty"
Package: gettitlestring 2016/05/16 v1.5 Cleanup title references (HO)
)
\c@section@level=\count136
)
LaTeX Info: Redefining \ref on input line 25.
LaTeX Info: Redefining \pageref on input line 25.
LaTeX Info: Redefining \nameref on input line 25.
 ("Algoritmo de Boyer-Moore.out") ("Algoritmo de Boyer-Moore.out")
\@outlinefile=\write3
\openout3 = `"Algoritmo de Boyer-Moore.out"'.

 (Introduccion.tex
Package babel Info: Redefining spanish shorthand <<
(babel)             in language  on input line 1.
Package babel Info: Redefining spanish shorthand >>
(babel)             in language  on input line 1.
Package babel Info: Redefining spanish shorthand "=
(babel)             in language  on input line 1.
Package babel Info: Redefining spanish shorthand "~
(babel)             in language  on input line 1.
Package babel Info: Redefining spanish shorthand "!
(babel)             in language  on input line 1.
Package babel Info: Redefining spanish shorthand "?
(babel)             in language  on input line 1.

Underfull \hbox (badness 10000) in paragraph at lines 3--4

 []


Underfull \hbox (badness 10000) in paragraph at lines 5--6

 []

Package babel Info: Redefining spanish shorthand <<
(babel)             in language  on input line 8.
Package babel Info: Redefining spanish shorthand >>
(babel)             in language  on input line 8.
Package babel Info: Redefining spanish shorthand "=
(babel)             in language  on input line 8.
Package babel Info: Redefining spanish shorthand "~
(babel)             in language  on input line 8.
Package babel Info: Redefining spanish shorthand "!
(babel)             in language  on input line 8.
Package babel Info: Redefining spanish shorthand "?
(babel)             in language  on input line 8.

Underfull \hbox (badness 10000) in paragraph at lines 9--10

 []


Underfull \hbox (badness 10000) in paragraph at lines 11--12

 []


Underfull \hbox (badness 10000) in paragraph at lines 13--14

 []

Package babel Info: Redefining spanish shorthand <<
(babel)             in language  on input line 14.
Package babel Info: Redefining spanish shorthand >>
(babel)             in language  on input line 14.
Package babel Info: Redefining spanish shorthand "=
(babel)             in language  on input line 14.
Package babel Info: Redefining spanish shorthand "~
(babel)             in language  on input line 14.
Package babel Info: Redefining spanish shorthand "!
(babel)             in language  on input line 14.
Package babel Info: Redefining spanish shorthand "?
(babel)             in language  on input line 14.
Package babel Info: Redefining spanish shorthand <<
(babel)             in language  on input line 14.
Package babel Info: Redefining spanish shorthand >>
(babel)             in language  on input line 14.
Package babel Info: Redefining spanish shorthand "=
(babel)             in language  on input line 14.
Package babel Info: Redefining spanish shorthand "~
(babel)             in language  on input line 14.
Package babel Info: Redefining spanish shorthand "!
(babel)             in language  on input line 14.
Package babel Info: Redefining spanish shorthand "?
(babel)             in language  on input line 14.
[1

{C:/Users/Daniel/AppData/Local/MiKTeX/2.9/pdftex/config/pdftex.map}])
(DescripcionNoFormal.tex
Underfull \hbox (badness 1009) in paragraph at lines 15--1
\OT1/cmr/m/n/10 pa-ra di-fe-ren-tes al-fa-be-tos y lon-gi-tu-des de $\OML/cmm/m
/it/10 x$\OT1/cmr/m/n/10 . Fi-nal-men-te, ha-bla-re-mos del
 []

Package babel Info: Redefining spanish shorthand <<
(babel)             in language  on input line 1.
Package babel Info: Redefining spanish shorthand >>
(babel)             in language  on input line 1.
Package babel Info: Redefining spanish shorthand "=
(babel)             in language  on input line 1.
Package babel Info: Redefining spanish shorthand "~
(babel)             in language  on input line 1.
Package babel Info: Redefining spanish shorthand "!
(babel)             in language  on input line 1.
Package babel Info: Redefining spanish shorthand "?
(babel)             in language  on input line 1.

Underfull \hbox (badness 10000) in paragraph at lines 2--3

 []


Underfull \hbox (badness 10000) in paragraph at lines 4--5

 []


Underfull \hbox (badness 10000) in paragraph at lines 6--7

 []

<gss1.jpg, id=63, 417.81094pt x 98.61844pt>
File: gss1.jpg Graphic file (type jpg)
<use gss1.jpg>
Package pdftex.def Info: gss1.jpg  used on input line 10.
(pdftex.def)             Requested size: 241.49895pt x 57.0031pt.

Underfull \hbox (badness 10000) in paragraph at lines 15--16

 []

<gss2.jpg, id=65, 391.4625pt x 102.3825pt>
File: gss2.jpg Graphic file (type jpg)
<use gss2.jpg>
Package pdftex.def Info: gss2.jpg  used on input line 19.
(pdftex.def)             Requested size: 241.49895pt x 63.16248pt.
Package babel Info: Redefining spanish shorthand <<
(babel)             in language  on input line 23.
Package babel Info: Redefining spanish shorthand >>
(babel)             in language  on input line 23.
Package babel Info: Redefining spanish shorthand "=
(babel)             in language  on input line 23.
Package babel Info: Redefining spanish shorthand "~
(babel)             in language  on input line 23.
Package babel Info: Redefining spanish shorthand "!
(babel)             in language  on input line 23.
Package babel Info: Redefining spanish shorthand "?
(babel)             in language  on input line 23.
Package babel Info: Redefining spanish shorthand <<
(babel)             in language  on input line 23.
Package babel Info: Redefining spanish shorthand >>
(babel)             in language  on input line 23.
Package babel Info: Redefining spanish shorthand "=
(babel)             in language  on input line 23.
Package babel Info: Redefining spanish shorthand "~
(babel)             in language  on input line 23.
Package babel Info: Redefining spanish shorthand "!
(babel)             in language  on input line 23.
Package babel Info: Redefining spanish shorthand "?
(babel)             in language  on input line 23.
[2 <./gss1.jpg>]
Underfull \hbox (badness 10000) in paragraph at lines 24--25

 []

<bcs1.jpg, id=75, 398.99063pt x 93.34875pt>
File: bcs1.jpg Graphic file (type jpg)
<use bcs1.jpg>
Package pdftex.def Info: bcs1.jpg  used on input line 28.
(pdftex.def)             Requested size: 241.49895pt x 56.50108pt.

Underfull \hbox (badness 10000) in paragraph at lines 33--34

 []

<bcs2.jpg, id=77, 390.70969pt x 94.10156pt>
File: bcs2.jpg Graphic file (type jpg)
<use bcs2.jpg>
Package pdftex.def Info: bcs2.jpg  used on input line 37.
(pdftex.def)             Requested size: 241.49895pt x 58.1643pt.
Package babel Info: Redefining spanish shorthand <<
(babel)             in language  on input line 46.
Package babel Info: Redefining spanish shorthand >>
(babel)             in language  on input line 46.
Package babel Info: Redefining spanish shorthand "=
(babel)             in language  on input line 46.
Package babel Info: Redefining spanish shorthand "~
(babel)             in language  on input line 46.
Package babel Info: Redefining spanish shorthand "!
(babel)             in language  on input line 46.
Package babel Info: Redefining spanish shorthand "?
(babel)             in language  on input line 46.

Underfull \hbox (badness 10000) in paragraph at lines 47--48

 []

Package babel Info: Redefining spanish shorthand <<
(babel)             in language  on input line 52.
Package babel Info: Redefining spanish shorthand >>
(babel)             in language  on input line 52.
Package babel Info: Redefining spanish shorthand "=
(babel)             in language  on input line 52.
Package babel Info: Redefining spanish shorthand "~
(babel)             in language  on input line 52.
Package babel Info: Redefining spanish shorthand "!
(babel)             in language  on input line 52.
Package babel Info: Redefining spanish shorthand "?
(babel)             in language  on input line 52.
Package babel Info: Redefining spanish shorthand <<
(babel)             in language  on input line 52.
Package babel Info: Redefining spanish shorthand >>
(babel)             in language  on input line 52.
Package babel Info: Redefining spanish shorthand "=
(babel)             in language  on input line 52.
Package babel Info: Redefining spanish shorthand "~
(babel)             in language  on input line 52.
Package babel Info: Redefining spanish shorthand "!
(babel)             in language  on input line 52.
Package babel Info: Redefining spanish shorthand "?
(babel)             in language  on input line 52.
[3 <./gss2.jpg> <./bcs1.jpg> <./bcs2.jpg>]
Underfull \hbox (badness 10000) in paragraph at lines 54--55

 []


Underfull \hbox (badness 10000) in paragraph at lines 61--62

 []


Underfull \hbox (badness 10000) in paragraph at lines 68--69

 []


Underfull \hbox (badness 10000) in paragraph at lines 75--76

 []


Underfull \hbox (badness 10000) in paragraph at lines 82--83

 []

Package babel Info: Redefining spanish shorthand <<
(babel)             in language  on input line 87.
Package babel Info: Redefining spanish shorthand >>
(babel)             in language  on input line 87.
Package babel Info: Redefining spanish shorthand "=
(babel)             in language  on input line 87.
Package babel Info: Redefining spanish shorthand "~
(babel)             in language  on input line 87.
Package babel Info: Redefining spanish shorthand "!
(babel)             in language  on input line 87.
Package babel Info: Redefining spanish shorthand "?
(babel)             in language  on input line 87.
Package babel Info: Redefining spanish shorthand <<
(babel)             in language  on input line 87.
Package babel Info: Redefining spanish shorthand >>
(babel)             in language  on input line 87.
Package babel Info: Redefining spanish shorthand "=
(babel)             in language  on input line 87.
Package babel Info: Redefining spanish shorthand "~
(babel)             in language  on input line 87.
Package babel Info: Redefining spanish shorthand "!
(babel)             in language  on input line 87.
Package babel Info: Redefining spanish shorthand "?
(babel)             in language  on input line 87.
[4]
Underfull \hbox (badness 1264) in paragraph at lines 89--90
[]\OT1/cmr/m/n/10 Finalmente, usa-mos un \OT1/cmr/m/it/10 good-suffix-shift \OT
1/cmr/m/n/10 (ver fi-gu-ra []2[]) de for-ma que
 []


Underfull \hbox (badness 10000) in paragraph at lines 89--90

 []

) (ElAlgoritmo.tex
Package babel Info: Redefining spanish shorthand <<
(babel)             in language  on input line 1.
Package babel Info: Redefining spanish shorthand >>
(babel)             in language  on input line 1.
Package babel Info: Redefining spanish shorthand "=
(babel)             in language  on input line 1.
Package babel Info: Redefining spanish shorthand "~
(babel)             in language  on input line 1.
Package babel Info: Redefining spanish shorthand "!
(babel)             in language  on input line 1.
Package babel Info: Redefining spanish shorthand "?
(babel)             in language  on input line 1.

Underfull \hbox (badness 1048) in paragraph at lines 2--3
[]\OT1/cmr/m/n/10 A con-ti-nua-cion con-cre-ta-re-mos el al-go-rit-mo usan-do 
la no-ta-cion de la
 []


Underfull \hbox (badness 10000) in paragraph at lines 2--3

 []

Package babel Info: Redefining spanish shorthand <<
(babel)             in language  on input line 4.
Package babel Info: Redefining spanish shorthand >>
(babel)             in language  on input line 4.
Package babel Info: Redefining spanish shorthand "=
(babel)             in language  on input line 4.
Package babel Info: Redefining spanish shorthand "~
(babel)             in language  on input line 4.
Package babel Info: Redefining spanish shorthand "!
(babel)             in language  on input line 4.
Package babel Info: Redefining spanish shorthand "?
(babel)             in language  on input line 4.

Underfull \hbox (badness 10000) in paragraph at lines 5--6

 []

<gst.jpg, id=93, 182.48175pt x 155.98276pt>
File: gst.jpg Graphic file (type jpg)
<use gst.jpg>
Package pdftex.def Info: gst.jpg  used on input line 9.
(pdftex.def)             Requested size: 155.24895pt x 132.71211pt.
Package babel Info: Redefining spanish shorthand <<
(babel)             in language  on input line 13.
Package babel Info: Redefining spanish shorthand >>
(babel)             in language  on input line 13.
Package babel Info: Redefining spanish shorthand "=
(babel)             in language  on input line 13.
Package babel Info: Redefining spanish shorthand "~
(babel)             in language  on input line 13.
Package babel Info: Redefining spanish shorthand "!
(babel)             in language  on input line 13.
Package babel Info: Redefining spanish shorthand "?
(babel)             in language  on input line 13.
Package babel Info: Redefining spanish shorthand <<
(babel)             in language  on input line 13.
Package babel Info: Redefining spanish shorthand >>
(babel)             in language  on input line 13.
Package babel Info: Redefining spanish shorthand "=
(babel)             in language  on input line 13.
Package babel Info: Redefining spanish shorthand "~
(babel)             in language  on input line 13.
Package babel Info: Redefining spanish shorthand "!
(babel)             in language  on input line 13.
Package babel Info: Redefining spanish shorthand "?
(babel)             in language  on input line 13.
[5]
Overfull \hbox (45.7378pt too wide) in paragraph at lines 17--30
[][] 
 []

Package babel Info: Redefining spanish shorthand <<
(babel)             in language  on input line 34.
Package babel Info: Redefining spanish shorthand >>
(babel)             in language  on input line 34.
Package babel Info: Redefining spanish shorthand "=
(babel)             in language  on input line 34.
Package babel Info: Redefining spanish shorthand "~
(babel)             in language  on input line 34.
Package babel Info: Redefining spanish shorthand "!
(babel)             in language  on input line 34.
Package babel Info: Redefining spanish shorthand "?
(babel)             in language  on input line 34.

Underfull \hbox (badness 10000) in paragraph at lines 35--36

 []

Package babel Info: Redefining spanish shorthand <<
(babel)             in language  on input line 36.
Package babel Info: Redefining spanish shorthand >>
(babel)             in language  on input line 36.
Package babel Info: Redefining spanish shorthand "=
(babel)             in language  on input line 36.
Package babel Info: Redefining spanish shorthand "~
(babel)             in language  on input line 36.
Package babel Info: Redefining spanish shorthand "!
(babel)             in language  on input line 36.
Package babel Info: Redefining spanish shorthand "?
(babel)             in language  on input line 36.
Package babel Info: Redefining spanish shorthand <<
(babel)             in language  on input line 36.
Package babel Info: Redefining spanish shorthand >>
(babel)             in language  on input line 36.
Package babel Info: Redefining spanish shorthand "=
(babel)             in language  on input line 36.
Package babel Info: Redefining spanish shorthand "~
(babel)             in language  on input line 36.
Package babel Info: Redefining spanish shorthand "!
(babel)             in language  on input line 36.
Package babel Info: Redefining spanish shorthand "?
(babel)             in language  on input line 36.
[6 <./gst.jpg>]
Package babel Info: Redefining spanish shorthand <<
(babel)             in language  on input line 51.
Package babel Info: Redefining spanish shorthand >>
(babel)             in language  on input line 51.
Package babel Info: Redefining spanish shorthand "=
(babel)             in language  on input line 51.
Package babel Info: Redefining spanish shorthand "~
(babel)             in language  on input line 51.
Package babel Info: Redefining spanish shorthand "!
(babel)             in language  on input line 51.
Package babel Info: Redefining spanish shorthand "?
(babel)             in language  on input line 51.
Package hyperref Info: bookmark level for unknown algorithm defaults to 0 on in
put line 56.
)
Package babel Info: Redefining spanish shorthand <<
(babel)             in language  on input line 38.
Package babel Info: Redefining spanish shorthand >>
(babel)             in language  on input line 38.
Package babel Info: Redefining spanish shorthand "=
(babel)             in language  on input line 38.
Package babel Info: Redefining spanish shorthand "~
(babel)             in language  on input line 38.
Package babel Info: Redefining spanish shorthand "!
(babel)             in language  on input line 38.
Package babel Info: Redefining spanish shorthand "?
(babel)             in language  on input line 38.

("C:\Users\Daniel\AppData\Local\Programs\MiKTeX 2.9\tex\latex\listings\lstlang1
.sty"
File: lstlang1.sty 2019/02/27 1.8b listings language file
)
("C:\Users\Daniel\AppData\Local\Programs\MiKTeX 2.9\tex\latex\listings\lstlang1
.sty"
File: lstlang1.sty 2019/02/27 1.8b listings language file
)
("C:\Users\Daniel\AppData\Local\Programs\MiKTeX 2.9\tex\latex\listings\lstmisc.
sty"
File: lstmisc.sty 2019/02/27 1.8b (Carsten Heinz)
)
Underfull \hbox (badness 5050) in paragraph at lines 39--40
[]\OT1/cmr/m/n/10 Se mues-tra a con-ti-nua-cion una im-ple-men-ta-cion del al
-go-rit-mo de
 []

(BM.cpp
LaTeX Font Info:    Try loading font information for OML+cmr on input line 1.

("C:\Users\Daniel\AppData\Local\Programs\MiKTeX 2.9\tex\latex\base\omlcmr.fd"
File: omlcmr.fd 2014/09/29 v2.5h Standard LaTeX font definitions
)
LaTeX Font Info:    Font shape `OML/cmr/m/n' in size <10> not available
(Font)              Font shape `OML/cmm/m/it' tried instead on input line 1.
LaTeX Font Info:    Try loading font information for OMS+cmr on input line 8.

("C:\Users\Daniel\AppData\Local\Programs\MiKTeX 2.9\tex\latex\base\omscmr.fd"
File: omscmr.fd 2014/09/29 v2.5h Standard LaTeX font definitions
)
LaTeX Font Info:    Font shape `OMS/cmr/m/it' in size <10> not available
(Font)              Font shape `OMS/cmsy/m/n' tried instead on input line 8.
Package babel Info: Redefining spanish shorthand <<
(babel)             in language  on input line 10.
Package babel Info: Redefining spanish shorthand >>
(babel)             in language  on input line 10.
Package babel Info: Redefining spanish shorthand "=
(babel)             in language  on input line 10.
Package babel Info: Redefining spanish shorthand "~
(babel)             in language  on input line 10.
Package babel Info: Redefining spanish shorthand "!
(babel)             in language  on input line 10.
Package babel Info: Redefining spanish shorthand "?
(babel)             in language  on input line 10.
Package babel Info: Redefining spanish shorthand <<
(babel)             in language  on input line 10.
Package babel Info: Redefining spanish shorthand >>
(babel)             in language  on input line 10.
Package babel Info: Redefining spanish shorthand "=
(babel)             in language  on input line 10.
Package babel Info: Redefining spanish shorthand "~
(babel)             in language  on input line 10.
Package babel Info: Redefining spanish shorthand "!
(babel)             in language  on input line 10.
Package babel Info: Redefining spanish shorthand "?
(babel)             in language  on input line 10.

[7]
LaTeX Font Info:    Font shape `OMS/cmr/m/n' in size <10> not available
(Font)              Font shape `OMS/cmsy/m/n' tried instead on input line 14.

Overfull \hbox (9.0036pt too wide) in paragraph at lines 26--27
[][][][][][][][][][][][][][][][][][][][][][][][][] 
 []


Overfull \hbox (39.0039pt too wide) in paragraph at lines 35--36
[][][][][][][][][][][][][][][][][][][][][][][][][][][][][][][][][][][][][][][][
][][][] 
 []


Overfull \hbox (21.00372pt too wide) in paragraph at lines 36--37
[][][][][][][][][][][][][][][][][][][][][][][][][][][][][][] 
 []


Overfull \hbox (93.00446pt too wide) in paragraph at lines 41--42
[][][][][][][][][][][][][][][][][][][][][][][][][][][][][][][][][][][][][][][][
][] 
 []

Package babel Info: Redefining spanish shorthand <<
(babel)             in language  on input line 56.
Package babel Info: Redefining spanish shorthand >>
(babel)             in language  on input line 56.
Package babel Info: Redefining spanish shorthand "=
(babel)             in language  on input line 56.
Package babel Info: Redefining spanish shorthand "~
(babel)             in language  on input line 56.
Package babel Info: Redefining spanish shorthand "!
(babel)             in language  on input line 56.
Package babel Info: Redefining spanish shorthand "?
(babel)             in language  on input line 56.
Package babel Info: Redefining spanish shorthand <<
(babel)             in language  on input line 56.
Package babel Info: Redefining spanish shorthand >>
(babel)             in language  on input line 56.
Package babel Info: Redefining spanish shorthand "=
(babel)             in language  on input line 56.
Package babel Info: Redefining spanish shorthand "~
(babel)             in language  on input line 56.
Package babel Info: Redefining spanish shorthand "!
(babel)             in language  on input line 56.
Package babel Info: Redefining spanish shorthand "?
(babel)             in language  on input line 56.
[8]
Overfull \hbox (69.00421pt too wide) in paragraph at lines 60--61
[][][][][][][][][][][][][][][][][][][][][][][][][][][][][][][][][][][][][][][][
][] 
 []


Overfull \hbox (51.00403pt too wide) in paragraph at lines 64--65
[][][][][][][][][][][][][][][][][][][][][][][][] 
 []


Overfull \hbox (33.00385pt too wide) in paragraph at lines 66--68
[][][][][][][][][][][][][][][][][][][][][][][][][][][][][][][][][][][][][] 
 []


Overfull \hbox (57.00409pt too wide) in paragraph at lines 71--72
[][][][][][][][][][][][][][][][][][][][][] 
 []


Overfull \hbox (87.0044pt too wide) in paragraph at lines 81--82
[][][][][][][][][][][][][][][][][][][][][][][][][][][][][][][][][][][][][][][][
][][][][][][][] 
 []


Overfull \hbox (75.00427pt too wide) in paragraph at lines 90--91
[][][][][][][][][][][][][][][][][][][][][][][][][][][][][][][][][][] 
 []

) (EvidenciaEmpirica.tex
Package babel Info: Redefining spanish shorthand <<
(babel)             in language  on input line 2.
Package babel Info: Redefining spanish shorthand >>
(babel)             in language  on input line 2.
Package babel Info: Redefining spanish shorthand "=
(babel)             in language  on input line 2.
Package babel Info: Redefining spanish shorthand "~
(babel)             in language  on input line 2.
Package babel Info: Redefining spanish shorthand "!
(babel)             in language  on input line 2.
Package babel Info: Redefining spanish shorthand "?
(babel)             in language  on input line 2.

Underfull \hbox (badness 10000) in paragraph at lines 3--5

 []

Package babel Info: Redefining spanish shorthand <<
(babel)             in language  on input line 5.
Package babel Info: Redefining spanish shorthand >>
(babel)             in language  on input line 5.
Package babel Info: Redefining spanish shorthand "=
(babel)             in language  on input line 5.
Package babel Info: Redefining spanish shorthand "~
(babel)             in language  on input line 5.
Package babel Info: Redefining spanish shorthand "!
(babel)             in language  on input line 5.
Package babel Info: Redefining spanish shorthand "?
(babel)             in language  on input line 5.
Package babel Info: Redefining spanish shorthand <<
(babel)             in language  on input line 5.
Package babel Info: Redefining spanish shorthand >>
(babel)             in language  on input line 5.
Package babel Info: Redefining spanish shorthand "=
(babel)             in language  on input line 5.
Package babel Info: Redefining spanish shorthand "~
(babel)             in language  on input line 5.
Package babel Info: Redefining spanish shorthand "!
(babel)             in language  on input line 5.
Package babel Info: Redefining spanish shorthand "?
(babel)             in language  on input line 5.
[9]
Underfull \hbox (badness 10000) in paragraph at lines 6--7

 []


Underfull \hbox (badness 10000) in paragraph at lines 8--9

 []

<performance.jpg, id=225, 248.72925pt x 327.02174pt>
File: performance.jpg Graphic file (type jpg)
<use performance.jpg>
Package pdftex.def Info: performance.jpg  used on input line 12.
(pdftex.def)             Requested size: 155.24895pt x 204.12361pt.
) (RendimientoYVariantes.tex
Package babel Info: Redefining spanish shorthand <<
(babel)             in language  on input line 2.
Package babel Info: Redefining spanish shorthand >>
(babel)             in language  on input line 2.
Package babel Info: Redefining spanish shorthand "=
(babel)             in language  on input line 2.
Package babel Info: Redefining spanish shorthand "~
(babel)             in language  on input line 2.
Package babel Info: Redefining spanish shorthand "!
(babel)             in language  on input line 2.
Package babel Info: Redefining spanish shorthand "?
(babel)             in language  on input line 2.

Underfull \hbox (badness 10000) in paragraph at lines 3--4

 []

Package babel Info: Redefining spanish shorthand <<
(babel)             in language  on input line 4.
Package babel Info: Redefining spanish shorthand >>
(babel)             in language  on input line 4.
Package babel Info: Redefining spanish shorthand "=
(babel)             in language  on input line 4.
Package babel Info: Redefining spanish shorthand "~
(babel)             in language  on input line 4.
Package babel Info: Redefining spanish shorthand "!
(babel)             in language  on input line 4.
Package babel Info: Redefining spanish shorthand "?
(babel)             in language  on input line 4.
Package babel Info: Redefining spanish shorthand <<
(babel)             in language  on input line 4.
Package babel Info: Redefining spanish shorthand >>
(babel)             in language  on input line 4.
Package babel Info: Redefining spanish shorthand "=
(babel)             in language  on input line 4.
Package babel Info: Redefining spanish shorthand "~
(babel)             in language  on input line 4.
Package babel Info: Redefining spanish shorthand "!
(babel)             in language  on input line 4.
Package babel Info: Redefining spanish shorthand "?
(babel)             in language  on input line 4.
[10 <./performance.jpg>]
Package babel Info: Redefining spanish shorthand <<
(babel)             in language  on input line 7.
Package babel Info: Redefining spanish shorthand >>
(babel)             in language  on input line 7.
Package babel Info: Redefining spanish shorthand "=
(babel)             in language  on input line 7.
Package babel Info: Redefining spanish shorthand "~
(babel)             in language  on input line 7.
Package babel Info: Redefining spanish shorthand "!
(babel)             in language  on input line 7.
Package babel Info: Redefining spanish shorthand "?
(babel)             in language  on input line 7.

Underfull \hbox (badness 10000) in paragraph at lines 8--9

 []

)
Underfull \hbox (badness 5133) in paragraph at lines 58--59
[]\OT1/cmr/m/n/10 Algoritmo de busque-da de ca-de-nas Boyer-Moore. Re-cu-pe-ra
-do de:
 []


Underfull \hbox (badness 10000) in paragraph at lines 58--59
[]$\OT1/cmtt/m/n/10 https : / / es . wikipedia . org / wiki / Algoritmo _ de _ 
b \ unhbox \ voidb @
 []


Underfull \hbox (badness 10000) in paragraph at lines 58--59
\OT1/cmtt/m/n/10 x \ bgroup \ let \ unhbox \ voidb @ x \ setbox \ @tempboxa \ h
box{u \ global \
 []


Underfull \hbox (badness 10000) in paragraph at lines 58--59
\OT1/cmtt/m/n/10 mathchardef \ accent @ spacefactor \ spacefactor} \ accent19u 
\ egroup \
 []


Underfull \hbox (badness 10000) in paragraph at lines 58--59
\OT1/cmtt/m/n/10 spacefactor \ accent @ spacefactor \ futurelet \ @let @ token 
\ penalty \
 []


Underfull \hbox (badness 10000) in paragraph at lines 58--59
\OT1/cmtt/m/n/10 @M \ hskip \ z @ skipsqueda _ de _ cadenas _ Boyer-[]Moore # R
endimiento _
 []


Underfull \hbox (badness 10000) in paragraph at lines 58--59
\OT1/cmtt/m/n/10 del _ algoritmo _ de _ b \ unhbox \ voidb @ x \ bgroup \ let \
 unhbox \ voidb @ x \
 []


Underfull \hbox (badness 10000) in paragraph at lines 58--59
\OT1/cmtt/m/n/10 setbox \ @tempboxa \ hbox{u \ global \ mathchardef \ accent @ 
spacefactor \
 []


Underfull \hbox (badness 10000) in paragraph at lines 58--59
\OT1/cmtt/m/n/10 spacefactor} \ accent19u \ egroup \ spacefactor \ accent @ spa
cefactor \
 []


Underfull \hbox (badness 10000) in paragraph at lines 58--59
\OT1/cmtt/m/n/10 futurelet \ @let @ token \ penalty \ @M \ hskip \ z @ skipsque
da _ de _ cadenas _
 []

Package babel Info: Redefining spanish shorthand <<
(babel)             in language  on input line 59.
Package babel Info: Redefining spanish shorthand >>
(babel)             in language  on input line 59.
Package babel Info: Redefining spanish shorthand "=
(babel)             in language  on input line 59.
Package babel Info: Redefining spanish shorthand "~
(babel)             in language  on input line 59.
Package babel Info: Redefining spanish shorthand "!
(babel)             in language  on input line 59.
Package babel Info: Redefining spanish shorthand "?
(babel)             in language  on input line 59.
Package babel Info: Redefining spanish shorthand <<
(babel)             in language  on input line 59.
Package babel Info: Redefining spanish shorthand >>
(babel)             in language  on input line 59.
Package babel Info: Redefining spanish shorthand "=
(babel)             in language  on input line 59.
Package babel Info: Redefining spanish shorthand "~
(babel)             in language  on input line 59.
Package babel Info: Redefining spanish shorthand "!
(babel)             in language  on input line 59.
Package babel Info: Redefining spanish shorthand "?
(babel)             in language  on input line 59.
[11]
Package atveryend Info: Empty hook `BeforeClearDocument' on input line 65.
Package babel Info: Redefining spanish shorthand <<
(babel)             in language  on input line 65.
Package babel Info: Redefining spanish shorthand >>
(babel)             in language  on input line 65.
Package babel Info: Redefining spanish shorthand "=
(babel)             in language  on input line 65.
Package babel Info: Redefining spanish shorthand "~
(babel)             in language  on input line 65.
Package babel Info: Redefining spanish shorthand "!
(babel)             in language  on input line 65.
Package babel Info: Redefining spanish shorthand "?
(babel)             in language  on input line 65.
Package babel Info: Redefining spanish shorthand <<
(babel)             in language  on input line 65.
Package babel Info: Redefining spanish shorthand >>
(babel)             in language  on input line 65.
Package babel Info: Redefining spanish shorthand "=
(babel)             in language  on input line 65.
Package babel Info: Redefining spanish shorthand "~
(babel)             in language  on input line 65.
Package babel Info: Redefining spanish shorthand "!
(babel)             in language  on input line 65.
Package babel Info: Redefining spanish shorthand "?
(babel)             in language  on input line 65.
 [12]
Package atveryend Info: Empty hook `AfterLastShipout' on input line 65.
 ("Algoritmo de Boyer-Moore.aux"
LaTeX Info: Redefining \. on input line 23.
LaTeX Info: Redefining \% on input line 23.
)
Package atveryend Info: Executing hook `AtVeryEndDocument' on input line 65.
Package atveryend Info: Executing hook `AtEndAfterFileList' on input line 65.
Package rerunfilecheck Info: File `"Algoritmo de Boyer-Moore".out' has not chan
ged.
(rerunfilecheck)             Checksum: 82F7276DC1AB99EE0AEED427352148A9;784.
Package atveryend Info: Empty hook `AtVeryVeryEnd' on input line 65.
 ) 
Here is how much of TeX's memory you used:
 9456 strings out of 492973
 134595 string characters out of 3126249
 447809 words of memory out of 3000000
 13047 multiletter control sequences out of 15000+200000
 10262 words of font info for 38 fonts, out of 3000000 for 9000
 1141 hyphenation exceptions out of 8191
 35i,17n,60p,710b,2033s stack positions out of 5000i,500n,10000p,200000b,50000s
<C:/Users/Daniel/AppData/Local/Programs/MiKTeX 2.9/fonts/type1/public/amsfont
s/cm/cmbx10.pfb><C:/Users/Daniel/AppData/Local/Programs/MiKTeX 2.9/fonts/type1/
public/amsfonts/cm/cmbx12.pfb><C:/Users/Daniel/AppData/Local/Programs/MiKTeX 2.
9/fonts/type1/public/amsfonts/cm/cmmi10.pfb><C:/Users/Daniel/AppData/Local/Prog
rams/MiKTeX 2.9/fonts/type1/public/amsfonts/cm/cmr10.pfb><C:/Users/Daniel/AppDa
ta/Local/Programs/MiKTeX 2.9/fonts/type1/public/amsfonts/cm/cmr12.pfb><C:/Users
/Daniel/AppData/Local/Programs/MiKTeX 2.9/fonts/type1/public/amsfonts/cm/cmr17.
pfb><C:/Users/Daniel/AppData/Local/Programs/MiKTeX 2.9/fonts/type1/public/amsfo
nts/cm/cmr8.pfb><C:/Users/Daniel/AppData/Local/Programs/MiKTeX 2.9/fonts/type1/
public/amsfonts/cm/cmsy10.pfb><C:/Users/Daniel/AppData/Local/Programs/MiKTeX 2.
9/fonts/type1/public/amsfonts/cm/cmti10.pfb><C:/Users/Daniel/AppData/Local/Prog
rams/MiKTeX 2.9/fonts/type1/public/amsfonts/cm/cmtt10.pfb>
Output written on "Algoritmo de Boyer-Moore.pdf" (12 pages, 322540 bytes).
PDF statistics:
 322 PDF objects out of 1000 (max. 8388607)
 140 named destinations out of 1000 (max. 500000)
 127 words of extra memory for PDF output out of 10000 (max. 10000000)

